<?xml version="1.0" encoding="UTF-8"?>
<!-- Generated by org.testng.reporters.JUnitReportReporter -->
<testsuite hostname="DESKTOP-KIJMA6B" failures="0" tests="1" name="scenarios.BrokenLinks" time="26.509" errors="0" timestamp="2025-07-14T17:00:59 IST" skipped="0">
  <testcase classname="scenarios.BrokenLinks" name="sampleTest" time="26.509"/>
</testsuite> <!-- scenarios.BrokenLinks -->
