<?xml version="1.0" encoding="UTF-8"?>
<!-- Generated by org.testng.reporters.JUnitReportReporter -->
<testsuite hostname="DESKTOP-KIJMA6B" failures="0" tests="1" name="scenarios.ReadAndWriteDataToExcel" time="14.837" errors="0" timestamp="2025-07-14T18:03:26 IST" skipped="0">
  <testcase classname="scenarios.ReadAndWriteDataToExcel" name="sampleTest" time="14.837"/>
</testsuite> <!-- scenarios.ReadAndWriteDataToExcel -->
