<?xml version="1.0" encoding="UTF-8"?>
<!-- Generated by org.testng.reporters.JUnitReportReporter -->
<testsuite hostname="DESKTOP-KIJMA6B" failures="0" tests="1" name="scenarios.JoyaJewellerySvgLinks" time="11.244" errors="0" timestamp="2025-07-11T17:45:34 IST" skipped="0">
  <testcase classname="scenarios.JoyaJewellerySvgLinks" name="sampleTest" time="11.244"/>
</testsuite> <!-- scenarios.JoyaJewellerySvgLinks -->
